Сборка начата 07.04.2022 3:46:43.
Уровень детализации журнала: Normal.     1>Проект "E:\1yniver\2sem\ОАП\лр 10\osnova\osnova1\osnova1.vcxproj" в узле 2 (целевые объекты Build).
     1>InitializeBuildStatus:
         Создание "Debug\osnova1.tlog\unsuccessfulbuild", так как было задано "AlwaysCreate".
       ClCompile:
         C:\Program Files (x86)\Microsoft Visual Studio\2019\Community\VC\Tools\MSVC\14.29.30133\bin\HostX86\x86\CL.exe /c /ZI /JMC /nologo /W3 /WX- /diagnostics:column /sdl /Od /Oy- /D WIN32 /D _DEBUG /D _CONSOLE /D _UNICODE /D UNICODE /Gm- /EHsc /RTC1 /MDd /GS /fp:precise /permissive- /Zc:wchar_t /Zc:forScope /Zc:inline /Fo"Debug\\" /Fd"Debug\vc142.pdb" /external:W3 /Gd /TP /analyze- /FC /errorReport:prompt osnova1.cpp
         osnova1.cpp
     1>E:\1yniver\2sem\ОАП\лр 10\osnova\osnova1\osnova1.cpp(118,34): warning C4244: аргумент: преобразование "double" в "int", возможна потеря данных
     1>E:\1yniver\2sem\ОАП\лр 10\osnova\osnova1\osnova1.cpp(118,31): warning C4244: аргумент: преобразование "double" в "int", возможна потеря данных
     1>E:\1yniver\2sem\ОАП\лр 10\osnova\osnova1\osnova1.cpp(23): warning C4715: C: значение возвращается не при всех путях выполнения
     1>E:\1yniver\2sem\ОАП\лр 10\osnova\osnova1\osnova1.cpp(72): warning C4715: posled: значение возвращается не при всех путях выполнения
     1>E:\1yniver\2sem\ОАП\лр 10\osnova\osnova1\osnova1.cpp(85): warning C4715: find: значение возвращается не при всех путях выполнения
       Link:
         C:\Program Files (x86)\Microsoft Visual Studio\2019\Community\VC\Tools\MSVC\14.29.30133\bin\HostX86\x86\link.exe /ERRORREPORT:PROMPT /OUT:"E:\1yniver\2sem\ОАП\лр 10\osnova\Debug\osnova1.exe" /INCREMENTAL /ILK:"Debug\osnova1.ilk" /NOLOGO kernel32.lib user32.lib gdi32.lib winspool.lib comdlg32.lib advapi32.lib shell32.lib ole32.lib oleaut32.lib uuid.lib odbc32.lib odbccp32.lib /MANIFEST /MANIFESTUAC:"level='asInvoker' uiAccess='false'" /manifest:embed /DEBUG /PDB:"E:\1yniver\2sem\ОАП\лр 10\osnova\Debug\osnova1.pdb" /SUBSYSTEM:CONSOLE /TLBID:1 /DYNAMICBASE /NXCOMPAT /IMPLIB:"E:\1yniver\2sem\ОАП\лр 10\osnova\Debug\osnova1.lib" /MACHINE:X86 Debug\osnova1.obj
         osnova1.vcxproj -> E:\1yniver\2sem\ОАП\лр 10\osnova\Debug\osnova1.exe
       FinalizeBuildStatus:
         Файл "Debug\osnova1.tlog\unsuccessfulbuild" удаляется.
         Обращение к "Debug\osnova1.tlog\osnova1.lastbuildstate".
     1>Сборка проекта "E:\1yniver\2sem\ОАП\лр 10\osnova\osnova1\osnova1.vcxproj" завершена (целевые объекты Build).

Сборка успешно завершена.

       "E:\1yniver\2sem\ОАП\лр 10\osnova\osnova1\osnova1.vcxproj" (целевой объект Build ) (1) ->
       (Целевой объект ClCompile) -> 
         E:\1yniver\2sem\ОАП\лр 10\osnova\osnova1\osnova1.cpp(118,34): warning C4244: аргумент: преобразование "double" в "int", возможна потеря данных
         E:\1yniver\2sem\ОАП\лр 10\osnova\osnova1\osnova1.cpp(118,31): warning C4244: аргумент: преобразование "double" в "int", возможна потеря данных
         E:\1yniver\2sem\ОАП\лр 10\osnova\osnova1\osnova1.cpp(23): warning C4715: C: значение возвращается не при всех путях выполнения
         E:\1yniver\2sem\ОАП\лр 10\osnova\osnova1\osnova1.cpp(72): warning C4715: posled: значение возвращается не при всех путях выполнения
         E:\1yniver\2sem\ОАП\лр 10\osnova\osnova1\osnova1.cpp(85): warning C4715: find: значение возвращается не при всех путях выполнения

    Предупреждений: 5
    Ошибок: 0

Прошло времени 00:00:01.93
