Сборка начата 12.04.2022 18:48:50.
Уровень детализации журнала: Normal.     1>Проект "E:\1yniver\2sem\ОАП\лр 11\osnova_lab11\osnova_lab11\osnova_lab11.vcxproj" в узле 2 (целевые объекты Build).
     1>PrepareForBuild:
         Создание каталога "E:\1yniver\2sem\ОАП\лр 11\osnova_lab11\Debug\".
         Создание каталога "Debug\osnova_lab11.tlog\".
       InitializeBuildStatus:
         Создание "Debug\osnova_lab11.tlog\unsuccessfulbuild", так как было задано "AlwaysCreate".
       ClCompile:
         C:\Program Files (x86)\Microsoft Visual Studio\2019\Community\VC\Tools\MSVC\14.29.30133\bin\HostX86\x86\CL.exe /c /ZI /JMC /nologo /W3 /WX- /diagnostics:column /sdl /Od /Oy- /D WIN32 /D _DEBUG /D _CONSOLE /D _UNICODE /D UNICODE /Gm- /EHsc /RTC1 /MDd /GS /fp:precise /permissive- /Zc:wchar_t /Zc:forScope /Zc:inline /Fo"Debug\\" /Fd"Debug\vc142.pdb" /external:W3 /Gd /TP /analyze- /FC /errorReport:prompt osnova_lab11.cpp
         osnova_lab11.cpp
     1>E:\1yniver\2sem\ОАП\лр 11\osnova_lab11\osnova_lab11\osnova_lab11.cpp(25,1): warning C4326: возвращаемый тип "main" должен быть "int", а не "void"
       Link:
         C:\Program Files (x86)\Microsoft Visual Studio\2019\Community\VC\Tools\MSVC\14.29.30133\bin\HostX86\x86\link.exe /ERRORREPORT:PROMPT /OUT:"E:\1yniver\2sem\ОАП\лр 11\osnova_lab11\Debug\osnova_lab11.exe" /INCREMENTAL /ILK:"Debug\osnova_lab11.ilk" /NOLOGO kernel32.lib user32.lib gdi32.lib winspool.lib comdlg32.lib advapi32.lib shell32.lib ole32.lib oleaut32.lib uuid.lib odbc32.lib odbccp32.lib /MANIFEST /MANIFESTUAC:"level='asInvoker' uiAccess='false'" /manifest:embed /DEBUG /PDB:"E:\1yniver\2sem\ОАП\лр 11\osnova_lab11\Debug\osnova_lab11.pdb" /SUBSYSTEM:CONSOLE /TLBID:1 /DYNAMICBASE /NXCOMPAT /IMPLIB:"E:\1yniver\2sem\ОАП\лр 11\osnova_lab11\Debug\osnova_lab11.lib" /MACHINE:X86 Debug\osnova_lab11.obj
         osnova_lab11.vcxproj -> E:\1yniver\2sem\ОАП\лр 11\osnova_lab11\Debug\osnova_lab11.exe
       FinalizeBuildStatus:
         Файл "Debug\osnova_lab11.tlog\unsuccessfulbuild" удаляется.
         Обращение к "Debug\osnova_lab11.tlog\osnova_lab11.lastbuildstate".
     1>Сборка проекта "E:\1yniver\2sem\ОАП\лр 11\osnova_lab11\osnova_lab11\osnova_lab11.vcxproj" завершена (целевые объекты Build).

Сборка успешно завершена.

       "E:\1yniver\2sem\ОАП\лр 11\osnova_lab11\osnova_lab11\osnova_lab11.vcxproj" (целевой объект Build ) (1) ->
       (Целевой объект ClCompile) -> 
         E:\1yniver\2sem\ОАП\лр 11\osnova_lab11\osnova_lab11\osnova_lab11.cpp(25,1): warning C4326: возвращаемый тип "main" должен быть "int", а не "void"

    Предупреждений: 1
    Ошибок: 0

Прошло времени 00:00:03.65
