Сборка начата 19.04.2022 19:12:10.
Уровень детализации журнала: Normal.     1>Проект "E:\1yniver\2sem\ОАП\лр 13\osnova_lab13\osnova_lab13\osnova_lab13.vcxproj" в узле 2 (целевые объекты Build).
     1>InitializeBuildStatus:
         Обращение к "Debug\osnova_lab13.tlog\unsuccessfulbuild".
       ClCompile:
         C:\Program Files (x86)\Microsoft Visual Studio\2019\Community\VC\Tools\MSVC\14.29.30133\bin\HostX86\x86\CL.exe /c /ZI /JMC /nologo /W3 /WX- /diagnostics:column /sdl /Od /Oy- /D WIN32 /D _DEBUG /D _CONSOLE /D _UNICODE /D UNICODE /Gm- /EHsc /RTC1 /MDd /GS /fp:precise /permissive- /Zc:wchar_t /Zc:forScope /Zc:inline /Fo"Debug\\" /Fd"Debug\vc142.pdb" /external:W3 /Gd /TP /analyze- /FC /errorReport:prompt heap.cpp
         heap.cpp
     1>E:\1yniver\2sem\ОАП\лр 13\osnova_lab13\osnova_lab13\heap.cpp(82,17): warning C4566: символ, представленный универсальным именем символа "\u00CA", невозможно представить в текущей кодовой странице (1251)
     1>E:\1yniver\2sem\ОАП\лр 13\osnova_lab13\osnova_lab13\heap.cpp(82,17): warning C4566: символ, представленный универсальным именем символа "\u00F3", невозможно представить в текущей кодовой странице (1251)
     1>E:\1yniver\2sem\ОАП\лр 13\osnova_lab13\osnova_lab13\heap.cpp(82,17): warning C4566: символ, представленный универсальным именем символа "\u00F7", невозможно представить в текущей кодовой странице (1251)
     1>E:\1yniver\2sem\ОАП\лр 13\osnova_lab13\osnova_lab13\heap.cpp(82,17): warning C4566: символ, представленный универсальным именем символа "\u00E0", невозможно представить в текущей кодовой странице (1251)
     1>E:\1yniver\2sem\ОАП\лр 13\osnova_lab13\osnova_lab13\heap.cpp(82,17): warning C4566: символ, представленный универсальным именем символа "\u00EF", невозможно представить в текущей кодовой странице (1251)
     1>E:\1yniver\2sem\ОАП\лр 13\osnova_lab13\osnova_lab13\heap.cpp(82,17): warning C4566: символ, представленный универсальным именем символа "\u00F1", невозможно представить в текущей кодовой странице (1251)
     1>E:\1yniver\2sem\ОАП\лр 13\osnova_lab13\osnova_lab13\heap.cpp(82,17): warning C4566: символ, представленный универсальным именем символа "\u00F2", невозможно представить в текущей кодовой странице (1251)
       Link:
         C:\Program Files (x86)\Microsoft Visual Studio\2019\Community\VC\Tools\MSVC\14.29.30133\bin\HostX86\x86\link.exe /ERRORREPORT:PROMPT /OUT:"E:\1yniver\2sem\ОАП\лр 13\osnova_lab13\Debug\osnova_lab13.exe" /INCREMENTAL /ILK:"Debug\osnova_lab13.ilk" /NOLOGO kernel32.lib user32.lib gdi32.lib winspool.lib comdlg32.lib advapi32.lib shell32.lib ole32.lib oleaut32.lib uuid.lib odbc32.lib odbccp32.lib /MANIFEST /MANIFESTUAC:"level='asInvoker' uiAccess='false'" /manifest:embed /DEBUG /PDB:"E:\1yniver\2sem\ОАП\лр 13\osnova_lab13\Debug\osnova_lab13.pdb" /SUBSYSTEM:CONSOLE /TLBID:1 /DYNAMICBASE /NXCOMPAT /IMPLIB:"E:\1yniver\2sem\ОАП\лр 13\osnova_lab13\Debug\osnova_lab13.lib" /MACHINE:X86 Debug\osnova_lab13.obj
         Debug\heap.obj
         osnova_lab13.vcxproj -> E:\1yniver\2sem\ОАП\лр 13\osnova_lab13\Debug\osnova_lab13.exe
       FinalizeBuildStatus:
         Файл "Debug\osnova_lab13.tlog\unsuccessfulbuild" удаляется.
         Обращение к "Debug\osnova_lab13.tlog\osnova_lab13.lastbuildstate".
     1>Сборка проекта "E:\1yniver\2sem\ОАП\лр 13\osnova_lab13\osnova_lab13\osnova_lab13.vcxproj" завершена (целевые объекты Build).

Сборка успешно завершена.

       "E:\1yniver\2sem\ОАП\лр 13\osnova_lab13\osnova_lab13\osnova_lab13.vcxproj" (целевой объект Build ) (1) ->
       (Целевой объект ClCompile) -> 
         E:\1yniver\2sem\ОАП\лр 13\osnova_lab13\osnova_lab13\heap.cpp(82,17): warning C4566: символ, представленный универсальным именем символа "\u00CA", невозможно представить в текущей кодовой странице (1251)
         E:\1yniver\2sem\ОАП\лр 13\osnova_lab13\osnova_lab13\heap.cpp(82,17): warning C4566: символ, представленный универсальным именем символа "\u00F3", невозможно представить в текущей кодовой странице (1251)
         E:\1yniver\2sem\ОАП\лр 13\osnova_lab13\osnova_lab13\heap.cpp(82,17): warning C4566: символ, представленный универсальным именем символа "\u00F7", невозможно представить в текущей кодовой странице (1251)
         E:\1yniver\2sem\ОАП\лр 13\osnova_lab13\osnova_lab13\heap.cpp(82,17): warning C4566: символ, представленный универсальным именем символа "\u00E0", невозможно представить в текущей кодовой странице (1251)
         E:\1yniver\2sem\ОАП\лр 13\osnova_lab13\osnova_lab13\heap.cpp(82,17): warning C4566: символ, представленный универсальным именем символа "\u00EF", невозможно представить в текущей кодовой странице (1251)
         E:\1yniver\2sem\ОАП\лр 13\osnova_lab13\osnova_lab13\heap.cpp(82,17): warning C4566: символ, представленный универсальным именем символа "\u00F1", невозможно представить в текущей кодовой странице (1251)
         E:\1yniver\2sem\ОАП\лр 13\osnova_lab13\osnova_lab13\heap.cpp(82,17): warning C4566: символ, представленный универсальным именем символа "\u00F2", невозможно представить в текущей кодовой странице (1251)

    Предупреждений: 7
    Ошибок: 0

Прошло времени 00:00:02.53
