Сборка начата 16.02.2022 23:34:54.
Уровень детализации журнала: Normal.     1>Проект "E:\1yniver\2sem\ОАП\лр 4\допы\dopp\dopp\dopp.vcxproj" в узле 2 (целевые объекты Build).
     1>PrepareForBuild:
         Создание каталога "E:\1yniver\2sem\ОАП\лр 4\допы\dopp\Debug\".
         Создание каталога "Debug\dopp.tlog\".
       InitializeBuildStatus:
         Создание "Debug\dopp.tlog\unsuccessfulbuild", так как было задано "AlwaysCreate".
       ClCompile:
         C:\Program Files (x86)\Microsoft Visual Studio\2019\Community\VC\Tools\MSVC\14.29.30133\bin\HostX86\x86\CL.exe /c /ZI /JMC /nologo /W3 /WX- /diagnostics:column /sdl /Od /Oy- /D WIN32 /D _DEBUG /D _CONSOLE /D _UNICODE /D UNICODE /Gm- /EHsc /RTC1 /MDd /GS /fp:precise /permissive- /Zc:wchar_t /Zc:forScope /Zc:inline /Fo"Debug\\" /Fd"Debug\vc142.pdb" /external:W3 /Gd /TP /analyze- /FC /errorReport:prompt dopp.cpp
         dopp.cpp
     1>E:\1yniver\2sem\ОАП\лр 4\допы\dopp\dopp\dopp.cpp(89,21): warning C4018: <: несоответствие типов со знаком и без знака
       Link:
         C:\Program Files (x86)\Microsoft Visual Studio\2019\Community\VC\Tools\MSVC\14.29.30133\bin\HostX86\x86\link.exe /ERRORREPORT:PROMPT /OUT:"E:\1yniver\2sem\ОАП\лр 4\допы\dopp\Debug\dopp.exe" /INCREMENTAL /ILK:"Debug\dopp.ilk" /NOLOGO kernel32.lib user32.lib gdi32.lib winspool.lib comdlg32.lib advapi32.lib shell32.lib ole32.lib oleaut32.lib uuid.lib odbc32.lib odbccp32.lib /MANIFEST /MANIFESTUAC:"level='asInvoker' uiAccess='false'" /manifest:embed /DEBUG /PDB:"E:\1yniver\2sem\ОАП\лр 4\допы\dopp\Debug\dopp.pdb" /SUBSYSTEM:CONSOLE /TLBID:1 /DYNAMICBASE /NXCOMPAT /IMPLIB:"E:\1yniver\2sem\ОАП\лр 4\допы\dopp\Debug\dopp.lib" /MACHINE:X86 Debug\dopp.obj
         dopp.vcxproj -> E:\1yniver\2sem\ОАП\лр 4\допы\dopp\Debug\dopp.exe
       FinalizeBuildStatus:
         Файл "Debug\dopp.tlog\unsuccessfulbuild" удаляется.
         Обращение к "Debug\dopp.tlog\dopp.lastbuildstate".
     1>Сборка проекта "E:\1yniver\2sem\ОАП\лр 4\допы\dopp\dopp\dopp.vcxproj" завершена (целевые объекты Build).

Сборка успешно завершена.

       "E:\1yniver\2sem\ОАП\лр 4\допы\dopp\dopp\dopp.vcxproj" (целевой объект Build ) (1) ->
       (Целевой объект ClCompile) -> 
         E:\1yniver\2sem\ОАП\лр 4\допы\dopp\dopp\dopp.cpp(89,21): warning C4018: <: несоответствие типов со знаком и без знака

    Предупреждений: 1
    Ошибок: 0

Прошло времени 00:00:02.51
