Сборка начата 14.04.2022 18:16:58.
Уровень детализации журнала: Normal.     1>Проект "E:\1yniver\2sem\ОАП\лр 10\osnova\osnova\osnova.vcxproj" в узле 2 (целевые объекты Build).
     1>InitializeBuildStatus:
         Обращение к "Debug\osnova.tlog\unsuccessfulbuild".
       ClCompile:
         C:\Program Files (x86)\Microsoft Visual Studio\2019\Community\VC\Tools\MSVC\14.29.30133\bin\HostX86\x86\CL.exe /c /ZI /JMC /nologo /W3 /WX- /diagnostics:column /sdl /Od /Oy- /D WIN32 /D _DEBUG /D _CONSOLE /D _UNICODE /D UNICODE /Gm- /EHsc /RTC1 /MDd /GS /fp:precise /permissive- /Zc:wchar_t /Zc:forScope /Zc:inline /Fo"Debug\\" /Fd"Debug\vc142.pdb" /external:W3 /Gd /TP /analyze- /FC /errorReport:prompt osnova.cpp
         osnova.cpp
     1>E:\1yniver\2sem\ОАП\лр 10\osnova\osnova\osnova.cpp(82,20): warning C4018: <: несоответствие типов со знаком и без знака
     1>E:\1yniver\2sem\ОАП\лр 10\osnova\osnova\osnova.cpp(106): warning C4715: dop3: значение возвращается не при всех путях выполнения
       Link:
         C:\Program Files (x86)\Microsoft Visual Studio\2019\Community\VC\Tools\MSVC\14.29.30133\bin\HostX86\x86\link.exe /ERRORREPORT:PROMPT /OUT:"E:\1yniver\2sem\ОАП\лр 10\osnova\Debug\osnova.exe" /INCREMENTAL /ILK:"Debug\osnova.ilk" /NOLOGO kernel32.lib user32.lib gdi32.lib winspool.lib comdlg32.lib advapi32.lib shell32.lib ole32.lib oleaut32.lib uuid.lib odbc32.lib odbccp32.lib /MANIFEST /MANIFESTUAC:"level='asInvoker' uiAccess='false'" /manifest:embed /DEBUG /PDB:"E:\1yniver\2sem\ОАП\лр 10\osnova\Debug\osnova.pdb" /SUBSYSTEM:CONSOLE /TLBID:1 /DYNAMICBASE /NXCOMPAT /IMPLIB:"E:\1yniver\2sem\ОАП\лр 10\osnova\Debug\osnova.lib" /MACHINE:X86 Debug\osnova.obj
         osnova.vcxproj -> E:\1yniver\2sem\ОАП\лр 10\osnova\Debug\osnova.exe
       FinalizeBuildStatus:
         Файл "Debug\osnova.tlog\unsuccessfulbuild" удаляется.
         Обращение к "Debug\osnova.tlog\osnova.lastbuildstate".
     1>Сборка проекта "E:\1yniver\2sem\ОАП\лр 10\osnova\osnova\osnova.vcxproj" завершена (целевые объекты Build).

Сборка успешно завершена.

       "E:\1yniver\2sem\ОАП\лр 10\osnova\osnova\osnova.vcxproj" (целевой объект Build ) (1) ->
       (Целевой объект ClCompile) -> 
         E:\1yniver\2sem\ОАП\лр 10\osnova\osnova\osnova.cpp(82,20): warning C4018: <: несоответствие типов со знаком и без знака
         E:\1yniver\2sem\ОАП\лр 10\osnova\osnova\osnova.cpp(106): warning C4715: dop3: значение возвращается не при всех путях выполнения

    Предупреждений: 2
    Ошибок: 0

Прошло времени 00:00:01.72
