Сборка начата 15.04.2022 19:16:40.
Уровень детализации журнала: Normal.     1>Проект "E:\1yniver\2sem\ОАП\лр 12\ConsoleApplication1\ConsoleApplication1\ConsoleApplication1.vcxproj" в узле 2 (целевые объекты Build).
     1>PrepareForBuild:
         Создание каталога "E:\1yniver\2sem\ОАП\лр 12\ConsoleApplication1\Debug\".
         Создание каталога "Debug\ConsoleA.f9e3c596.tlog\".
       InitializeBuildStatus:
         Создание "Debug\ConsoleA.f9e3c596.tlog\unsuccessfulbuild", так как было задано "AlwaysCreate".
       ClCompile:
         C:\Program Files (x86)\Microsoft Visual Studio\2019\Community\VC\Tools\MSVC\14.29.30133\bin\HostX86\x86\CL.exe /c /ZI /JMC /nologo /W3 /WX- /diagnostics:column /sdl /Od /Oy- /D WIN32 /D _DEBUG /D _CONSOLE /D _UNICODE /D UNICODE /Gm- /EHsc /RTC1 /MDd /GS /fp:precise /permissive- /Zc:wchar_t /Zc:forScope /Zc:inline /Fo"Debug\\" /Fd"Debug\vc142.pdb" /external:W3 /Gd /TP /analyze- /FC /errorReport:prompt ConsoleApplication1.cpp
         ConsoleApplication1.cpp
     1>E:\1yniver\2sem\ОАП\лр 12\ConsoleApplication1\ConsoleApplication1\ConsoleApplication1.cpp(43,18): warning C4018: <: несоответствие типов со знаком и без знака
     1>E:\1yniver\2sem\ОАП\лр 12\ConsoleApplication1\ConsoleApplication1\ConsoleApplication1.cpp(47,19): warning C4018: <: несоответствие типов со знаком и без знака
     1>E:\1yniver\2sem\ОАП\лр 12\ConsoleApplication1\ConsoleApplication1\ConsoleApplication1.cpp(139): warning C4715: PriorityQueue::top: значение возвращается не при всех путях выполнения
       Link:
         C:\Program Files (x86)\Microsoft Visual Studio\2019\Community\VC\Tools\MSVC\14.29.30133\bin\HostX86\x86\link.exe /ERRORREPORT:PROMPT /OUT:"E:\1yniver\2sem\ОАП\лр 12\ConsoleApplication1\Debug\ConsoleApplication1.exe" /INCREMENTAL /ILK:"Debug\ConsoleApplication1.ilk" /NOLOGO kernel32.lib user32.lib gdi32.lib winspool.lib comdlg32.lib advapi32.lib shell32.lib ole32.lib oleaut32.lib uuid.lib odbc32.lib odbccp32.lib /MANIFEST /MANIFESTUAC:"level='asInvoker' uiAccess='false'" /manifest:embed /DEBUG /PDB:"E:\1yniver\2sem\ОАП\лр 12\ConsoleApplication1\Debug\ConsoleApplication1.pdb" /SUBSYSTEM:CONSOLE /TLBID:1 /DYNAMICBASE /NXCOMPAT /IMPLIB:"E:\1yniver\2sem\ОАП\лр 12\ConsoleApplication1\Debug\ConsoleApplication1.lib" /MACHINE:X86 Debug\ConsoleApplication1.obj
         ConsoleApplication1.vcxproj -> E:\1yniver\2sem\ОАП\лр 12\ConsoleApplication1\Debug\ConsoleApplication1.exe
       FinalizeBuildStatus:
         Файл "Debug\ConsoleA.f9e3c596.tlog\unsuccessfulbuild" удаляется.
         Обращение к "Debug\ConsoleA.f9e3c596.tlog\ConsoleApplication1.lastbuildstate".
     1>Сборка проекта "E:\1yniver\2sem\ОАП\лр 12\ConsoleApplication1\ConsoleApplication1\ConsoleApplication1.vcxproj" завершена (целевые объекты Build).

Сборка успешно завершена.

       "E:\1yniver\2sem\ОАП\лр 12\ConsoleApplication1\ConsoleApplication1\ConsoleApplication1.vcxproj" (целевой объект Build ) (1) ->
       (Целевой объект ClCompile) -> 
         E:\1yniver\2sem\ОАП\лр 12\ConsoleApplication1\ConsoleApplication1\ConsoleApplication1.cpp(43,18): warning C4018: <: несоответствие типов со знаком и без знака
         E:\1yniver\2sem\ОАП\лр 12\ConsoleApplication1\ConsoleApplication1\ConsoleApplication1.cpp(47,19): warning C4018: <: несоответствие типов со знаком и без знака
         E:\1yniver\2sem\ОАП\лр 12\ConsoleApplication1\ConsoleApplication1\ConsoleApplication1.cpp(139): warning C4715: PriorityQueue::top: значение возвращается не при всех путях выполнения

    Предупреждений: 3
    Ошибок: 0

Прошло времени 00:00:03.12
