Сборка начата 28.04.2022 18:44:29.
Уровень детализации журнала: Normal.     1>Проект "E:\1yniver\2sem\ОАП\лр 15\dop_lab15\dop_lab15\dop_lab15.vcxproj" в узле 2 (целевые объекты Build).
     1>PrepareForBuild:
         Создание каталога "E:\1yniver\2sem\ОАП\лр 15\dop_lab15\Debug\".
         Создание каталога "Debug\dop_lab15.tlog\".
       InitializeBuildStatus:
         Создание "Debug\dop_lab15.tlog\unsuccessfulbuild", так как было задано "AlwaysCreate".
       ClCompile:
         C:\Program Files (x86)\Microsoft Visual Studio\2019\Community\VC\Tools\MSVC\14.29.30133\bin\HostX86\x86\CL.exe /c /ZI /JMC /nologo /W3 /WX- /diagnostics:column /sdl /Od /Oy- /D WIN32 /D _DEBUG /D _CONSOLE /D _UNICODE /D UNICODE /Gm- /EHsc /RTC1 /MDd /GS /fp:precise /permissive- /Zc:wchar_t /Zc:forScope /Zc:inline /Fo"Debug\\" /Fd"Debug\vc142.pdb" /external:W3 /Gd /TP /analyze- /FC /errorReport:prompt dop_lab15.cpp
         dop_lab15.cpp
       Link:
         C:\Program Files (x86)\Microsoft Visual Studio\2019\Community\VC\Tools\MSVC\14.29.30133\bin\HostX86\x86\link.exe /ERRORREPORT:PROMPT /OUT:"E:\1yniver\2sem\ОАП\лр 15\dop_lab15\Debug\dop_lab15.exe" /INCREMENTAL /ILK:"Debug\dop_lab15.ilk" /NOLOGO kernel32.lib user32.lib gdi32.lib winspool.lib comdlg32.lib advapi32.lib shell32.lib ole32.lib oleaut32.lib uuid.lib odbc32.lib odbccp32.lib /MANIFEST /MANIFESTUAC:"level='asInvoker' uiAccess='false'" /manifest:embed /DEBUG /PDB:"E:\1yniver\2sem\ОАП\лр 15\dop_lab15\Debug\dop_lab15.pdb" /SUBSYSTEM:CONSOLE /TLBID:1 /DYNAMICBASE /NXCOMPAT /IMPLIB:"E:\1yniver\2sem\ОАП\лр 15\dop_lab15\Debug\dop_lab15.lib" /MACHINE:X86 Debug\dop_lab15.obj
         dop_lab15.vcxproj -> E:\1yniver\2sem\ОАП\лр 15\dop_lab15\Debug\dop_lab15.exe
       FinalizeBuildStatus:
         Файл "Debug\dop_lab15.tlog\unsuccessfulbuild" удаляется.
         Обращение к "Debug\dop_lab15.tlog\dop_lab15.lastbuildstate".
     1>Сборка проекта "E:\1yniver\2sem\ОАП\лр 15\dop_lab15\dop_lab15\dop_lab15.vcxproj" завершена (целевые объекты Build).

Сборка успешно завершена.
    Предупреждений: 0
    Ошибок: 0

Прошло времени 00:00:06.17
