Сборка начата 24.03.2022 19:01:04.
Уровень детализации журнала: Normal.     1>Проект "E:\1yniver\2sem\ОАП\лр 7\laba7\laba7\laba7.vcxproj" в узле 2 (целевые объекты Build).
     1>InitializeBuildStatus:
         Создание "Debug\laba7.tlog\unsuccessfulbuild", так как было задано "AlwaysCreate".
       ClCompile:
         C:\Program Files (x86)\Microsoft Visual Studio\2019\Community\VC\Tools\MSVC\14.29.30133\bin\HostX86\x86\CL.exe /c /ZI /JMC /nologo /W3 /WX- /diagnostics:column /sdl /Od /Oy- /D WIN32 /D _DEBUG /D _CONSOLE /D _UNICODE /D UNICODE /Gm- /EHsc /RTC1 /MDd /GS /fp:precise /permissive- /Zc:wchar_t /Zc:forScope /Zc:inline /Fo"Debug\\" /Fd"Debug\vc142.pdb" /external:W3 /Gd /TP /analyze- /FC /errorReport:prompt laba7.cpp
         laba7.cpp
     1>E:\1yniver\2sem\ОАП\лр 7\laba7\laba7\laba7.cpp(13,6): warning C4101: number: неиспользованная локальная переменная
       Link:
         C:\Program Files (x86)\Microsoft Visual Studio\2019\Community\VC\Tools\MSVC\14.29.30133\bin\HostX86\x86\link.exe /ERRORREPORT:PROMPT /OUT:"E:\1yniver\2sem\ОАП\лр 7\laba7\Debug\laba7.exe" /INCREMENTAL /ILK:"Debug\laba7.ilk" /NOLOGO kernel32.lib user32.lib gdi32.lib winspool.lib comdlg32.lib advapi32.lib shell32.lib ole32.lib oleaut32.lib uuid.lib odbc32.lib odbccp32.lib /MANIFEST /MANIFESTUAC:"level='asInvoker' uiAccess='false'" /manifest:embed /DEBUG /PDB:"E:\1yniver\2sem\ОАП\лр 7\laba7\Debug\laba7.pdb" /SUBSYSTEM:CONSOLE /TLBID:1 /DYNAMICBASE /NXCOMPAT /IMPLIB:"E:\1yniver\2sem\ОАП\лр 7\laba7\Debug\laba7.lib" /MACHINE:X86 Debug\functions.obj
         Debug\laba7.obj
         laba7.vcxproj -> E:\1yniver\2sem\ОАП\лр 7\laba7\Debug\laba7.exe
       FinalizeBuildStatus:
         Файл "Debug\laba7.tlog\unsuccessfulbuild" удаляется.
         Обращение к "Debug\laba7.tlog\laba7.lastbuildstate".
     1>Сборка проекта "E:\1yniver\2sem\ОАП\лр 7\laba7\laba7\laba7.vcxproj" завершена (целевые объекты Build).

Сборка успешно завершена.

       "E:\1yniver\2sem\ОАП\лр 7\laba7\laba7\laba7.vcxproj" (целевой объект Build ) (1) ->
       (Целевой объект ClCompile) -> 
         E:\1yniver\2sem\ОАП\лр 7\laba7\laba7\laba7.cpp(13,6): warning C4101: number: неиспользованная локальная переменная

    Предупреждений: 1
    Ошибок: 0

Прошло времени 00:00:02.74
