Сборка начата 16.02.2022 23:03:37.
Уровень детализации журнала: Normal.     1>Проект "E:\1yniver\2sem\ОАП\лр 4\допы\dop2\dop2\dop2.vcxproj" в узле 2 (целевые объекты Build).
     1>PrepareForBuild:
         Создание каталога "E:\1yniver\2sem\ОАП\лр 4\допы\dop2\Debug\".
         Создание каталога "Debug\dop2.tlog\".
       InitializeBuildStatus:
         Создание "Debug\dop2.tlog\unsuccessfulbuild", так как было задано "AlwaysCreate".
       ClCompile:
         C:\Program Files (x86)\Microsoft Visual Studio\2019\Community\VC\Tools\MSVC\14.29.30133\bin\HostX86\x86\CL.exe /c /ZI /JMC /nologo /W3 /WX- /diagnostics:column /sdl /Od /Oy- /D WIN32 /D _DEBUG /D _CONSOLE /D _UNICODE /D UNICODE /Gm- /EHsc /RTC1 /MDd /GS /fp:precise /permissive- /Zc:wchar_t /Zc:forScope /Zc:inline /Fo"Debug\\" /Fd"Debug\vc142.pdb" /external:W3 /Gd /TP /analyze- /FC /errorReport:prompt dop2.cpp
         dop2.cpp
       Link:
         C:\Program Files (x86)\Microsoft Visual Studio\2019\Community\VC\Tools\MSVC\14.29.30133\bin\HostX86\x86\link.exe /ERRORREPORT:PROMPT /OUT:"E:\1yniver\2sem\ОАП\лр 4\допы\dop2\Debug\dop2.exe" /INCREMENTAL /ILK:"Debug\dop2.ilk" /NOLOGO kernel32.lib user32.lib gdi32.lib winspool.lib comdlg32.lib advapi32.lib shell32.lib ole32.lib oleaut32.lib uuid.lib odbc32.lib odbccp32.lib /MANIFEST /MANIFESTUAC:"level='asInvoker' uiAccess='false'" /manifest:embed /DEBUG /PDB:"E:\1yniver\2sem\ОАП\лр 4\допы\dop2\Debug\dop2.pdb" /SUBSYSTEM:CONSOLE /TLBID:1 /DYNAMICBASE /NXCOMPAT /IMPLIB:"E:\1yniver\2sem\ОАП\лр 4\допы\dop2\Debug\dop2.lib" /MACHINE:X86 Debug\dop2.obj
         dop2.vcxproj -> E:\1yniver\2sem\ОАП\лр 4\допы\dop2\Debug\dop2.exe
       FinalizeBuildStatus:
         Файл "Debug\dop2.tlog\unsuccessfulbuild" удаляется.
         Обращение к "Debug\dop2.tlog\dop2.lastbuildstate".
     1>Сборка проекта "E:\1yniver\2sem\ОАП\лр 4\допы\dop2\dop2\dop2.vcxproj" завершена (целевые объекты Build).

Сборка успешно завершена.
    Предупреждений: 0
    Ошибок: 0

Прошло времени 00:00:02.21
