Сборка начата 07.04.2022 18:48:39.
Уровень детализации журнала: Normal.     1>Проект "E:\1yniver\2sem\ОАП\лр 9\osnova\osnova\osnova.vcxproj" в узле 2 (целевые объекты Build).
     1>InitializeBuildStatus:
         Создание "x64\Debug\osnova.tlog\unsuccessfulbuild", так как было задано "AlwaysCreate".
       ClCompile:
         C:\Program Files (x86)\Microsoft Visual Studio\2019\Community\VC\Tools\MSVC\14.29.30133\bin\HostX86\x64\CL.exe /c /ZI /JMC /nologo /W3 /WX- /diagnostics:column /sdl /Od /D _DEBUG /D _CONSOLE /D _UNICODE /D UNICODE /Gm- /EHsc /RTC1 /MDd /GS /fp:precise /permissive- /Zc:wchar_t /Zc:forScope /Zc:inline /Fo"x64\Debug\\" /Fd"x64\Debug\vc142.pdb" /external:W3 /Gd /TP /FC /errorReport:prompt osnova.cpp
         osnova.cpp
     1>E:\1yniver\2sem\ОАП\лр 9\osnova\osnova\osnova.cpp(175,7): warning C4101: s: неиспользованная локальная переменная
     1>E:\1yniver\2sem\ОАП\лр 9\osnova\osnova\osnova.cpp(175,18): warning C4101: c: неиспользованная локальная переменная
       Link:
         C:\Program Files (x86)\Microsoft Visual Studio\2019\Community\VC\Tools\MSVC\14.29.30133\bin\HostX86\x64\link.exe /ERRORREPORT:PROMPT /OUT:"E:\1yniver\2sem\ОАП\лр 9\osnova\x64\Debug\osnova.exe" /INCREMENTAL /ILK:"x64\Debug\osnova.ilk" /NOLOGO kernel32.lib user32.lib gdi32.lib winspool.lib comdlg32.lib advapi32.lib shell32.lib ole32.lib oleaut32.lib uuid.lib odbc32.lib odbccp32.lib /MANIFEST /MANIFESTUAC:"level='asInvoker' uiAccess='false'" /manifest:embed /DEBUG /PDB:"E:\1yniver\2sem\ОАП\лр 9\osnova\x64\Debug\osnova.pdb" /SUBSYSTEM:CONSOLE /TLBID:1 /DYNAMICBASE /NXCOMPAT /IMPLIB:"E:\1yniver\2sem\ОАП\лр 9\osnova\x64\Debug\osnova.lib" /MACHINE:X64 x64\Debug\osnova.obj
         osnova.vcxproj -> E:\1yniver\2sem\ОАП\лр 9\osnova\x64\Debug\osnova.exe
       FinalizeBuildStatus:
         Файл "x64\Debug\osnova.tlog\unsuccessfulbuild" удаляется.
         Обращение к "x64\Debug\osnova.tlog\osnova.lastbuildstate".
     1>Сборка проекта "E:\1yniver\2sem\ОАП\лр 9\osnova\osnova\osnova.vcxproj" завершена (целевые объекты Build).

Сборка успешно завершена.

       "E:\1yniver\2sem\ОАП\лр 9\osnova\osnova\osnova.vcxproj" (целевой объект Build ) (1) ->
       (Целевой объект ClCompile) -> 
         E:\1yniver\2sem\ОАП\лр 9\osnova\osnova\osnova.cpp(175,7): warning C4101: s: неиспользованная локальная переменная
         E:\1yniver\2sem\ОАП\лр 9\osnova\osnova\osnova.cpp(175,18): warning C4101: c: неиспользованная локальная переменная

    Предупреждений: 2
    Ошибок: 0

Прошло времени 00:00:07.87
