Сборка начата 28.04.2022 18:37:12.
Уровень детализации журнала: Normal.     1>Проект "E:\1yniver\2sem\ОАП\лр 15\osnova_lab15\osnova_lab15\osnova_lab15.vcxproj" в узле 2 (целевые объекты Build).
     1>InitializeBuildStatus:
         Создание "Debug\osnova_lab15.tlog\unsuccessfulbuild", так как было задано "AlwaysCreate".
       ClCompile:
         C:\Program Files (x86)\Microsoft Visual Studio\2019\Community\VC\Tools\MSVC\14.29.30133\bin\HostX86\x86\CL.exe /c /ZI /JMC /nologo /W3 /WX- /diagnostics:column /sdl /Od /Oy- /D WIN32 /D _DEBUG /D _CONSOLE /D _UNICODE /D UNICODE /Gm- /EHsc /RTC1 /MDd /GS /fp:precise /permissive- /Zc:wchar_t /Zc:forScope /Zc:inline /Fo"Debug\\" /Fd"Debug\vc142.pdb" /external:W3 /Gd /TP /analyze- /FC /errorReport:prompt osnova_lab15.cpp
         osnova_lab15.cpp
     1>E:\1yniver\2sem\ОАП\лр 15\osnova_lab15\osnova_lab15\osnova_lab15.cpp(114,16): warning C4244: return: преобразование "double" в "hashTableIndex", возможна потеря данных
       Link:
         C:\Program Files (x86)\Microsoft Visual Studio\2019\Community\VC\Tools\MSVC\14.29.30133\bin\HostX86\x86\link.exe /ERRORREPORT:PROMPT /OUT:"E:\1yniver\2sem\ОАП\лр 15\osnova_lab15\Debug\osnova_lab15.exe" /INCREMENTAL /ILK:"Debug\osnova_lab15.ilk" /NOLOGO kernel32.lib user32.lib gdi32.lib winspool.lib comdlg32.lib advapi32.lib shell32.lib ole32.lib oleaut32.lib uuid.lib odbc32.lib odbccp32.lib /MANIFEST /MANIFESTUAC:"level='asInvoker' uiAccess='false'" /manifest:embed /DEBUG /PDB:"E:\1yniver\2sem\ОАП\лр 15\osnova_lab15\Debug\osnova_lab15.pdb" /SUBSYSTEM:CONSOLE /TLBID:1 /DYNAMICBASE /NXCOMPAT /IMPLIB:"E:\1yniver\2sem\ОАП\лр 15\osnova_lab15\Debug\osnova_lab15.lib" /MACHINE:X86 Debug\osnova_lab15.obj
         osnova_lab15.vcxproj -> E:\1yniver\2sem\ОАП\лр 15\osnova_lab15\Debug\osnova_lab15.exe
       FinalizeBuildStatus:
         Файл "Debug\osnova_lab15.tlog\unsuccessfulbuild" удаляется.
         Обращение к "Debug\osnova_lab15.tlog\osnova_lab15.lastbuildstate".
     1>Сборка проекта "E:\1yniver\2sem\ОАП\лр 15\osnova_lab15\osnova_lab15\osnova_lab15.vcxproj" завершена (целевые объекты Build).

Сборка успешно завершена.

       "E:\1yniver\2sem\ОАП\лр 15\osnova_lab15\osnova_lab15\osnova_lab15.vcxproj" (целевой объект Build ) (1) ->
       (Целевой объект ClCompile) -> 
         E:\1yniver\2sem\ОАП\лр 15\osnova_lab15\osnova_lab15\osnova_lab15.cpp(114,16): warning C4244: return: преобразование "double" в "hashTableIndex", возможна потеря данных

    Предупреждений: 1
    Ошибок: 0

Прошло времени 00:00:02.40
